This is pdfTeX, Version 3.14159265-2.6-1.40.19 (TeX Live 2018/Debian) (preloaded format=pdflatex 2018.5.10)  10 MAY 2018 17:45
entering extended mode
 restricted \write18 enabled.
 file:line:error style messages enabled.
 %&-line parsing enabled.
**%f

*
(/usr/share/texlive/texmf-dist/tex/latex/tools/.tex
LaTeX2e <2018-04-01> patch level 2
Babel <3.18> and hyphenation patterns for 5 language(s) loaded.
File ignored)
(Please type a command or say `\end')
*
! Emergency stop.
<*> 
    
End of file on the terminal!

 
Here is how much of TeX's memory you used:
 5 strings out of 494561
 248 string characters out of 6176608
 51563 words of memory out of 5000000
 3747 multiletter control sequences out of 15000+600000
 3640 words of font info for 14 fonts, out of 8000000 for 9000
 14 hyphenation exceptions out of 8191
 6i,0n,1p,80b,8s stack positions out of 5000i,500n,10000p,200000b,80000s
!  ==> Fatal error occurred, no output PDF file produced!
